  App.cpp
c:\users\yun\documents\oop-project-snake-\snake\square.h(31): warning C4244: 'argument': conversion from 'double' to 'GLfloat', possible loss of data
c:\users\yun\documents\oop-project-snake-\snake\square.h(32): warning C4244: 'argument': conversion from 'double' to 'GLfloat', possible loss of data
c:\users\yun\documents\oop-project-snake-\snake\square.h(33): warning C4244: 'argument': conversion from 'double' to 'GLfloat', possible loss of data
c:\users\yun\documents\oop-project-snake-\snake\square.h(34): warning C4244: 'argument': conversion from 'double' to 'GLfloat', possible loss of data
c:\users\yun\documents\oop-project-snake-\snake\app.cpp(18): warning C4305: 'argument': truncation from 'double' to 'float'
  app_main.cpp
c:\users\yun\documents\oop-project-snake-\snake\square.h(31): warning C4244: 'argument': conversion from 'double' to 'GLfloat', possible loss of data
c:\users\yun\documents\oop-project-snake-\snake\square.h(32): warning C4244: 'argument': conversion from 'double' to 'GLfloat', possible loss of data
c:\users\yun\documents\oop-project-snake-\snake\square.h(33): warning C4244: 'argument': conversion from 'double' to 'GLfloat', possible loss of data
c:\users\yun\documents\oop-project-snake-\snake\square.h(34): warning C4244: 'argument': conversion from 'double' to 'GLfloat', possible loss of data
  GlutApp.cpp
c:\users\yun\documents\oop-project-snake-\snake\glutapp.cpp(42): warning C4305: '-=': truncation from 'double' to 'float'
  RgbImage.cpp
c:\users\yun\documents\oop-project-snake-\snake\rgbimage.cpp(66): warning C4996: 'fopen': This function or variable may be unsafe. Consider using fopen_s instead. To disable deprecation, use _CRT_SECURE_NO_WARNINGS. See online help for details.
  c:\program files (x86)\windows kits\10\include\10.0.10240.0\ucrt\stdio.h(205): note: see declaration of 'fopen'
c:\users\yun\documents\oop-project-snake-\snake\rgbimage.cpp(185): warning C4996: 'fopen': This function or variable may be unsafe. Consider using fopen_s instead. To disable deprecation, use _CRT_SECURE_NO_WARNINGS. See online help for details.
  c:\program files (x86)\windows kits\10\include\10.0.10240.0\ucrt\stdio.h(205): note: see declaration of 'fopen'
  TexRect.cpp
  Generating Code...
App.obj : warning LNK4075: ignoring '/EDITANDCONTINUE' due to '/SAFESEH' specification
  glutapp.vcxproj -> C:\Users\Yun\Documents\OOP-Project-Snake-\Snake\visualc15\obj\glutapp_Debug\glutapp.exe
  glutapp.vcxproj -> obj\glutapp_Debug\glutapp.pdb (Full PDB)
